commit 3b6f208daeb7d05382d9cc89079c9aec3c999eca
Author: Chuqi Zhou <cz4792@utexas.edu>
Date:   Wed Jul 13 17:40:54 2016 -0500

    update apiary

commit f6474789501ee078e96891626e4fc30b21433c6e
Author: Nabeel Virani <nabeelvirani@gmail.com>
Date:   Wed Jul 13 17:39:33 2016 -0500

    changed init

commit c9ddc7b5118f18bc301e272e142f5a1aa584ab33
Author: Nabeel Virani <nabeelvirani@gmail.com>
Date:   Wed Jul 13 17:36:03 2016 -0500

    fixing error status 2

commit bf92045ef27c839ffcd828f925eb25a9f260c74f
Author: Nabeel Virani <nabeelvirani@gmail.com>
Date:   Wed Jul 13 17:33:36 2016 -0500

    added method to call

commit e58e7be8dfc696caebc794f5430531cf84d0ff33
Author: Nabeel Virani <nabeelvirani@gmail.com>
Date:   Wed Jul 13 17:22:45 2016 -0500

    fixing the run tests call

commit 4e807763addb65c8898dab081ac75324beca029d
Author: Nabeel Virani <nabeelvirani@gmail.com>
Date:   Wed Jul 13 17:17:50 2016 -0500

    test_suite not testsuite

commit cdbf204490a4b81b0fc220ac162665342381795c
Author: Nabeel Virani <nabeelvirani@gmail.com>
Date:   Wed Jul 13 17:15:54 2016 -0500

    unit tests code

commit dcffa81ba8143ccaba484bcf80af6f482792b914
Author: Chuqi Zhou <cz4792@utexas.edu>
Date:   Wed Jul 13 17:10:56 2016 -0500

    improve coverage for unit tests~

commit 61a9c6d3eb05efa699f373cc41797c1fbcd9035c
Author: Chuqi Zhou <cz4792@utexas.edu>
Date:   Wed Jul 13 17:05:57 2016 -0500

    improve coverage for unit tests~

commit c2df78ff0f66ba156bf5f8c8e531b71653fa757f
Author: Nabeel Virani <nabeelvirani@gmail.com>
Date:   Wed Jul 13 17:00:05 2016 -0500

    reset names

commit db1f47fe223cc0cf6ecdd40a1e381100492b4ee4
Author: Nabeel Virani <nabeelvirani@gmail.com>
Date:   Wed Jul 13 16:57:30 2016 -0500

    changed models naming

commit 3054db5b09c9ae7247c27bc2115c5a9a10119844
Author: Chuqi Zhou <cz4792@utexas.edu>
Date:   Wed Jul 13 16:54:02 2016 -0500

    improve coverage for unit tests

commit fa62e6a38a900c5d0753759f6192999f2d068648
Author: Nabeel Virani <nabeelvirani@gmail.com>
Date:   Wed Jul 13 16:52:59 2016 -0500

    changed models struct

commit 5e191b3728dd1fbb1f1edf21187fc17d90d59532
Author: Nabeel Virani <nabeelvirani@gmail.com>
Date:   Wed Jul 13 16:40:13 2016 -0500

    autopep8 of tests

commit 82a8894359202d751ee56805da2b68028198061a
Author: Nabeel Virani <nabeelvirani@gmail.com>
Date:   Wed Jul 13 16:31:01 2016 -0500

    fixing tests

commit 734a700b803a2dfbad21c2052db09367f7636226
Author: Chuqi Zhou <cz4792@utexas.edu>
Date:   Wed Jul 13 16:25:43 2016 -0500

    fix unit tests

commit cf61c1c6f002915c19e8f9286cb8f4b0db7578ac
Author: Nabeel Virani <nabeelvirani@gmail.com>
Date:   Wed Jul 13 16:22:17 2016 -0500

    can't instal urllib

commit 1ba7491de4b7583e3cd7c7f5860c61701c020447
Author: Nabeel Virani <nabeelvirani@gmail.com>
Date:   Wed Jul 13 16:13:40 2016 -0500

    changed travis and makefile

commit 7210e5e60b0f0b0cccc079e8965cc458b0a3a958
Author: Nabeel Virani <nabeelvirani@gmail.com>
Date:   Wed Jul 13 16:11:41 2016 -0500

    fixing python syntax

commit 1ea7f4eef2816cc636b412e570d435800570ed01
Merge: 5762e44 fea9ef2
Author: Pradeep Kumar <pradeep.kumar@utexas.edu>
Date:   Wed Jul 13 16:02:18 2016 -0500

    Merge branch 'dev' of https://github.com/jarkyll/cs373-idb into dev

commit 5762e441b05d53ec8e7adc66e06caa41db23be09
Author: Pradeep Kumar <pradeep.kumar@utexas.edu>
Date:   Wed Jul 13 16:01:55 2016 -0500

    applied jinja2 templates

commit fea9ef2c7888532948334f73686e25dbced7ef51
Author: Nabeel Virani <nabeelvirani@gmail.com>
Date:   Wed Jul 13 16:01:25 2016 -0500

    testing travis again for models and test

commit d7d61b687d8cc097700fd26c9fb1a65925a3be92
Author: Nabeel Virani <nabeelvirani@gmail.com>
Date:   Wed Jul 13 15:53:23 2016 -0500

    fixing imports

commit 4e66791e12e538a45596ca0d95ca3ca4d18a2132
Author: Pradeep Kumar <pradeep.kumar@utexas.edu>
Date:   Wed Jul 13 15:48:26 2016 -0500

    implemented base.html for jinja2

commit a70300fd75ecaf2664e9dc4ba79976f983ccb599
Author: Nabeel Virani <nabeelvirani@gmail.com>
Date:   Wed Jul 13 15:45:55 2016 -0500

    fixing models

commit 13a00b39ddc69616c9c21703bf6852232d3fde6f
Author: Nabeel Virani <nabeelvirani@gmail.com>
Date:   Wed Jul 13 15:44:26 2016 -0500

    changing models

commit 0e3ae0b0e7a5f900e32c00ecf3ac803905ef9776
Author: Pradeep Kumar <pradeep.kumar@utexas.edu>
Date:   Wed Jul 13 15:40:09 2016 -0500

    removed abort git

commit 249d8cc9dbdb19cdc68b927d81f1294013480bbe
Author: Nabeel Virani <nabeelvirani@gmail.com>
Date:   Wed Jul 13 16:34:18 2016 -0400

    working server

commit 37ca7c0995dff26f00424e08fff32593a3b84828
Author: Nabeel Virani <nabeelvirani@gmail.com>
Date:   Wed Jul 13 15:27:40 2016 -0500

    reorganized our init

commit e600a8ad24428833d88ed7404245e421a91ed5ba
Author: Nabeel Virani <nabeelvirani@gmail.com>
Date:   Wed Jul 13 15:24:14 2016 -0500

    removed abortgit

commit 8f57ca3ddd2cfdc324b455e167e2eb19c1791601
Author: Nabeel Virani <nabeelvirani@gmail.com>
Date:   Wed Jul 13 15:22:11 2016 -0500

    commented the unit tests

commit 9162194028b06596269cc1bef3533309e39bc406
Author: Nabeel Virani <nabeelvirani@gmail.com>
Date:   Wed Jul 13 15:20:15 2016 -0500

    apache wants init not manage

commit 241de48f187242dfd629420789058ff13797493e
Author: Nabeel Virani <nabeelvirani@gmail.com>
Date:   Wed Jul 13 15:14:28 2016 -0500

    removed unneccessary stuff from manage

commit 8cd9e95d017b04893e7cfaeb35e2cd4f8ec07bbc
Author: Nabeel Virani <nabeelvirani@gmail.com>
Date:   Wed Jul 13 15:10:45 2016 -0500

    fixed single character

commit c0d7f0c755e2559e84bf0e4a01200b9d4563152d
Author: Pradeep Kumar <pradeep.kumar@utexas.edu>
Date:   Tue Jul 12 22:00:27 2016 -0500

    trying to get test suite imported

commit 0631a10fa4fcdff3ffbfc8883dcba19978e3be1f
Merge: d81da8c aacbc69
Author: Nabeel Virani <nabeelvirani@gmail.com>
Date:   Tue Jul 12 21:31:22 2016 -0500

    Merge branch 'dev' of http://github.com/jarkyll/cs373-idb into dev

commit d81da8c2944aa9bddab66a33d383b5e3b8808717
Author: Nabeel Virani <nabeelvirani@gmail.com>
Date:   Tue Jul 12 21:30:52 2016 -0500

    testing templates

commit aacbc69e779ce48e672a39cb147a3b8f4d515ff5
Author: Nabeel Virani <nabeelvirani@gmail.com>
Date:   Tue Jul 12 22:26:24 2016 -0400

    fixing server

commit 316cd7263c79ada3c081101cbe7999d2a4d97ab2
Author: Chuqi Zhou <cz4792@utexas.edu>
Date:   Tue Jul 12 21:10:24 2016 -0500

    update UML

commit abb1995619cb8a112343b57130bb8702a78a6d29
Author: Pradeep Kumar <pradeep.kumar@utexas.edu>
Date:   Tue Jul 12 21:09:18 2016 -0500

    added angular files

commit d1f6a0270531e1bc0a514634a8899099f2f8f608
Author: Pradeep Kumar <pradeep.kumar@utexas.edu>
Date:   Tue Jul 12 21:07:14 2016 -0500

    added run tests button to about me

commit 3119912e2e08b4fa11b4024431332de8c1126a0a
Author: Nabeel Virani <nabeelvirani@gmail.com>
Date:   Tue Jul 12 20:56:17 2016 -0500

    working app

commit 64c9ded86276a314ef44b447cba7e01da7f28107
Author: asb26 <adidan26@yahoo.com>
Date:   Tue Jul 12 18:12:47 2016 -0500

    Corrected makefile

commit 79e5ab847110e00a182f1296c90948d359578546
Author: asb26 <adidan26@yahoo.com>
Date:   Tue Jul 12 18:09:29 2016 -0500

    updated travis file

commit 0893b0b2be8d2c338e2e364836015a5c829a6945
Author: asb26 <adidan26@yahoo.com>
Date:   Tue Jul 12 15:18:56 2016 -0500

    New tests

commit defa403f91c1d6e66c5108ff444c576fc4ceb44c
Author: Chuqi Zhou <cz4792@utexas.edu>
Date:   Tue Jul 12 14:06:25 2016 -0500

    update makefile

commit 96a8581f8ef4926e4633354b8625869fd360b7b2
Author: Chuqi Zhou <cz4792@utexas.edu>
Date:   Tue Jul 12 13:45:27 2016 -0500

    remove unnecessary files

commit cf96ff1980333c4e8bedb24fb3971804077911bf
Author: asb26 <adidan26@yahoo.com>
Date:   Tue Jul 12 13:44:42 2016 -0500

    added travis and makefile

commit 1c4f84adaf5f850778478032344366cdf8a51c8e
Author: asb26 <adidan26@yahoo.com>
Date:   Tue Jul 12 13:34:32 2016 -0500

    intializes our db in travis

commit 51862d6e780dfb312408fa29cfa39403398863dd
Merge: 797b279 7942dbb
Author: Nabeel Virani <nabeelvirani@gmail.com>
Date:   Tue Jul 12 13:32:08 2016 -0500

    Merge branch 'dev' of http://github.com/jarkyll/cs373-idb into dev

commit 7942dbb04c3d49483b2293b9e8e73fb76f30af75
Author: asb26 <adidan26@yahoo.com>
Date:   Tue Jul 12 13:31:21 2016 -0500

    Adding travis

commit 797b279104652da9ab1329c04f501c5a00a58b97
Author: Nabeel Virani <nabeelvirani@gmail.com>
Date:   Tue Jul 12 13:29:29 2016 -0500

    made tests

commit 1d113c7957a99d1b72c5f4b6e0f8338f62d1ed8f
Author: Chuqi Zhou <cz4792@utexas.edu>
Date:   Tue Jul 12 13:12:44 2016 -0500

    update UML

commit a2d9f621598474630d6ecf8ae4a31aa8dcc6b071
Author: Nabeel Virani <nabeelvirani@gmail.com>
Date:   Tue Jul 12 09:05:08 2016 -0500

    wrote one test and the skeleton for the tests

commit dce339e457296548fb207401abe5f9c4fdc0919c
Author: Nabeel Virani <nabeelvirani@gmail.com>
Date:   Tue Jul 12 08:52:14 2016 -0500

    we can make tests now

commit f08702f5bc5e15fb9fae23f5e128909d3cb47bd6
Author: Nabeel Virani <nabeelvirani@gmail.com>
Date:   Tue Jul 12 08:01:31 2016 -0500

    removed .idea from repo and update gitignore

commit 7d39b52645a32522b17db279ae89090646f7ba7e
Merge: 75741f7 77f0484
Author: Nabeel Virani <nabeelvirani@gmail.com>
Date:   Tue Jul 12 07:49:19 2016 -0500

    Merge branch 'dev' of http://github.com/jarkyll/cs373-idb into dev

commit 75741f76019492a7226512c9f3ea19d56b981d5b
Author: Nabeel Virani <nabeelvirani@gmail.com>
Date:   Tue Jul 12 07:47:49 2016 -0500

    working database with working relationships

commit 77f0484f1e75803eb2e7494ffded3934db96ddf5
Author: Chuqi Zhou <cz4792@utexas.edu>
Date:   Mon Jul 11 19:08:48 2016 -0500

    change the size of one picture

commit 0d4cec2642468c977182aa3c08058302098b5916
Author: Chuqi Zhou <cz4792@utexas.edu>
Date:   Mon Jul 11 18:52:56 2016 -0500

    extract all info

commit df5c68d557e537f98c4d2d528ea9c1e2ca760502
Author: Chuqi Zhou <cz4792@utexas.edu>
Date:   Mon Jul 11 17:22:56 2016 -0500

    extract characters and volumes info

commit 56fc5f5230226f5687907074bb6925397305bc0c
Author: Nabeel Virani <nabeelvirani@gmail.com>
Date:   Mon Jul 11 16:07:19 2016 -0500

    fixed models publisher repr

commit 7cb3ec8cad0442ca8bfc6fcb2a078efd9e89879c
Author: Nabeel Virani <nabeelvirani@gmail.com>
Date:   Mon Jul 11 15:49:12 2016 -0500

    extracted all info about teams

commit 5567a03f1c873e3d2faa113a84cdba5285b634fd
Author: Nabeel Virani <nabeelvirani@gmail.com>
Date:   Mon Jul 11 15:10:36 2016 -0500

    fixing extractors

commit 3112f53110d99575b4bf7ea41e904e018107b127
Merge: 211718e ee263c8
Author: Nabeel Virani <nabeelvirani@gmail.com>
Date:   Mon Jul 11 01:47:31 2016 -0500

    fixing merge

commit 211718e06739b892274c09bdbaaaeded15bdec76
Author: Nabeel Virani <nabeelvirani@gmail.com>
Date:   Mon Jul 11 01:44:49 2016 -0500

    postgres works and just need to add data

commit ee263c87dd2a660575ffa50f44a29acb3bfe5608
Author: Chuqi Zhou <cz4792@utexas.edu>
Date:   Sun Jul 10 21:48:58 2016 -0500

    split more info

commit 5dc774a479173ecad9bbb82752947546edffc52b
Merge: 53e2326 3df7ea9
Author: Chuqi Zhou <cz4792@utexas.edu>
Date:   Sun Jul 10 21:23:02 2016 -0500

    another commit

commit 53e23269c8c7d932498306ce01a621d4590c581f
Author: Chuqi Zhou <cz4792@utexas.edu>
Date:   Sun Jul 10 21:17:38 2016 -0500

    split info into json files

commit 3df7ea9137d9d18dff6198635e13d0cfe01b4b6a
Author: Nabeel Virani <nabeelvirani@gmail.com>
Date:   Sun Jul 10 20:12:45 2016 -0500

    removed some sql modules

commit 6ef3e89cd4e6323789a26e09fa7b29667b217e26
Author: Nabeel Virani <nabeelvirani@gmail.com>
Date:   Sun Jul 10 18:30:48 2016 -0500

    models works and can be added to by using flasksql

commit 56217176ef13639f77638391b86ac1807e6eba65
Author: Chuqi Zhou <cz4792@utexas.edu>
Date:   Sun Jul 10 17:59:07 2016 -0500

    update extractors

commit 7bf8bb6184e0dc75daefdacc6432330511ac9c39
Merge: fe41da9 865792a
Author: Chuqi Zhou <cz4792@utexas.edu>
Date:   Sun Jul 10 14:19:07 2016 -0500

    add info extractors

commit fe41da9247cabc63df01dd7a9bc421f48f6d3998
Author: Chuqi Zhou <cz4792@utexas.edu>
Date:   Sun Jul 10 14:16:55 2016 -0500

    add info extractors

commit 865792aa77c10ca0db540ef7f02c5f9005ec9c8c
Author: Nabeel Virani <nabeelvirani@gmail.com>
Date:   Sat Jul 9 21:02:09 2016 -0400

    character and volume issue

commit 29c9dfc2a4ab5734e32fedfaec8165cdc2a34afb
Merge: 86ef815 9c3a4c3
Author: Nabeel Virani <nabeelvirani@gmail.com>
Date:   Sat Jul 9 17:32:53 2016 -0400

    Merge branch 'dev' of https://github.com/jarkyll/cs373-idb into dev

commit 9c3a4c305d3b92b09bf5e341e06dd6ef2a055c63
Author: Nabeel Virani <nabeelvirani@gmail.com>
Date:   Sat Jul 9 16:32:39 2016 -0500

    db_connect can't read dict error

commit 86ef8153acad81eb3bf887fe675fe210b2a25f12
Merge: eef495b 7981aaa
Author: Nabeel Virani <nabeelvirani@gmail.com>
Date:   Sat Jul 9 17:30:37 2016 -0400

    Merge branch 'dev' of https://github.com/jarkyll/cs373-idb into dev

commit eef495b44dfba76148b009914177c8d7090b149a
Merge: f35bec7 3732962
Author: Nabeel Virani <nabeelvirani@gmail.com>
Date:   Sat Jul 9 17:30:11 2016 -0400

    Merge branch 'master' of https://github.com/jarkyll/cs373-idb into dev

commit 7981aaaea4cbe1481645052db6a076e4bbafefb0
Author: Nabeel Virani <nabeelvirani@gmail.com>
Date:   Sat Jul 9 16:29:55 2016 -0500

    db connects to set Database

commit f35bec7a2f773e07f0c64d36de7bb34c99906db3
Author: Nabeel Virani <nabeelvirani@gmail.com>
Date:   Sat Jul 9 16:27:21 2016 -0500

    moved init and removed extra models html

commit 42426ac858993e8c25fae916ca8963c80029fb95
Author: Nabeel Virani <nabeelvirani@gmail.com>
Date:   Sat Jul 9 16:09:46 2016 -0500

    removed flask_sqlalchemy

commit df96a62c454bef968c0d6d8aff9030018926c2de
Author: Nabeel Virani <nabeelvirani@gmail.com>
Date:   Sat Jul 9 16:07:44 2016 -0500

    front-end is mobile friendly and db

commit 3732962c395d6b6fafb8cad02dee0d0dd693d7b3
Author: Chuqi <cz4792@utexas.edu>
Date:   Wed Jul 6 21:56:04 2016 -0500

    Add files via upload

commit 86a7adadf909ab078f70a97c7a8f83445c04a067
Author: Chuqi <cz4792@utexas.edu>
Date:   Wed Jul 6 21:52:39 2016 -0500

    Add files via upload

commit 247346daf42f52469a04559e922eb8f4029d889f
Author: Nabeel Virani <nabeelvirani@gmail.com>
Date:   Wed Jul 6 22:07:35 2016 -0400

    new log

commit 27ef172bc9981bf212578052c47eb95e1c4653b2
Author: Nabeel Virani <nabeelvirani@gmail.com>
Date:   Wed Jul 6 22:06:41 2016 -0400

    removing wrong log

commit 8029c27e74fb6129297e5d673726a5022c759090
Author: Nabeel Virani <nabeelvirani@gmail.com>
Date:   Wed Jul 6 22:04:37 2016 -0400

    updated log

commit 060395b1c6a0b6e75ea2e3a4220935f7f8b9a9f8
Merge: 222d877 740ca53
Author: Nabeel Virani <nabeelvirani@gmail.com>
Date:   Wed Jul 6 21:59:40 2016 -0400

    Merge branch 'master' of https://github.com/jarkyll/cs373-idb

commit 222d877570c6e750ce7371c1fc70b3d7f90152bb
Author: Nabeel Virani <nabeelvirani@gmail.com>
Date:   Wed Jul 6 21:59:26 2016 -0400

    moved models.html in master

commit cdfdccac0bf9aaceccd4bc85b6d41d4977cbb85f
Merge: f298ee6 4926e59
Author: Nabeel Virani <nabeelvirani@gmail.com>
Date:   Wed Jul 6 21:58:26 2016 -0400

    Merge branch 'dev'

commit 4926e59e3aa7ad389bb1d1c27139540063585688
Author: Nabeel Virani <nabeelvirani@gmail.com>
Date:   Wed Jul 6 21:54:38 2016 -0400

    new models html

commit 7fa9bc2533a029bae256752d12045375d1626ec4
Author: Nabeel Virani <nabeelvirani@gmail.com>
Date:   Wed Jul 6 20:53:35 2016 -0500

    fixed format for models

commit 5b4f900ae71d251d35ca2bc68fdc042e9fd731ea
Author: Nabeel Virani <nabeelvirani@gmail.com>
Date:   Wed Jul 6 20:51:28 2016 -0500

    added comments to models.py

commit be26aaa701221e70f88aaf7ceac48418ba57cd5a
Author: Nabeel Virani <nabeelvirani@gmail.com>
Date:   Wed Jul 6 21:39:28 2016 -0400

    pydoc3 does not work

commit c1fcdc462c60bfc50696e1e63d80ff2917dc4f81
Author: Nabeel Virani <nabeelvirani@gmail.com>
Date:   Wed Jul 6 20:36:55 2016 -0500

    added boolean

commit 6d43d1c64f6916b9953fa85c9c5b9e7a3b14e2a4
Author: Nabeel Virani <nabeelvirani@gmail.com>
Date:   Wed Jul 6 20:33:59 2016 -0500

    removed comma from models

commit 7f299ffc38efc5039d398fe2acee16344508a7bb
Author: Nabeel Virani <nabeelvirani@gmail.com>
Date:   Wed Jul 6 20:31:20 2016 -0500

    lowercase false

commit e5caaa27a83b7c913c0d289322923f4c4e173f69
Author: Nabeel Virani <nabeelvirani@gmail.com>
Date:   Wed Jul 6 20:30:30 2016 -0500

    added primary key

commit 8b1593648cbb49405bcaced471907d88dd377aa2
Author: Nabeel Virani <nabeelvirani@gmail.com>
Date:   Wed Jul 6 20:28:21 2016 -0500

    s removed from Characters

commit a3c1c61ffbc34b7670a64f062f486e75f7a67724
Author: Nabeel Virani <nabeelvirani@gmail.com>
Date:   Wed Jul 6 20:27:32 2016 -0500

    adding relationship function

commit 39c728b12105b41c94aeed8278f2665e91fcbd58
Author: Nabeel Virani <nabeelvirani@gmail.com>
Date:   Wed Jul 6 20:25:09 2016 -0500

    avoiding array

commit e97d86730deb0e351fd67ff7649264f3ca1fb66e
Author: Nabeel Virani <nabeelvirani@gmail.com>
Date:   Wed Jul 6 20:23:16 2016 -0500

    trying array again

commit 38418272bf9b0d7fcc1358c2b4f7ccad71e6fc0a
Author: Nabeel Virani <nabeelvirani@gmail.com>
Date:   Wed Jul 6 20:20:35 2016 -0500

    updated import

commit f624acc04fa0b6b51a5e1ed4a9324590054e5df6
Author: Nabeel Virani <nabeelvirani@gmail.com>
Date:   Wed Jul 6 20:14:01 2016 -0500

    accidently add main not metadata

commit 78636f260e11299a89253977c62cefe17440a551
Author: Nabeel Virani <nabeelvirani@gmail.com>
Date:   Wed Jul 6 20:11:09 2016 -0500

    BASE not Base

commit cc832148fcef4ac5cc37aca395d40a92ceaad180
Author: Nabeel Virani <nabeelvirani@gmail.com>
Date:   Wed Jul 6 20:09:08 2016 -0500

    BASE has to be used not main

commit 68e12c6f44d9e366bdec7a92a78c54a55aebcd95
Author: Nabeel Virani <nabeelvirani@gmail.com>
Date:   Wed Jul 6 20:07:34 2016 -0500

    importing array

commit cbe40063ac87801efadf2a859e5315bdfd8c7ff1
Author: Nabeel Virani <nabeelvirani@gmail.com>
Date:   Wed Jul 6 20:04:48 2016 -0500

    trying to import array

commit a8bebad82d323b88e618d21d589d8f40759af70c
Author: Nabeel Virani <nabeelvirani@gmail.com>
Date:   Wed Jul 6 19:59:01 2016 -0500

    db was added in models

commit 626944cd3cb847d9d878e53f2b60aa9911c5ebfc
Author: Nabeel Virani <nabeelvirani@gmail.com>
Date:   Wed Jul 6 19:55:06 2016 -0500

    added table foreign key and array

commit 42c36a0f70852e6addbc7d14a2b934e3a717732c
Author: Nabeel Virani <nabeelvirani@gmail.com>
Date:   Wed Jul 6 19:51:20 2016 -0500

    fixed models

commit 740ca5332ef04fd91ba271e0453390348db64375
Author: asb26 <adan_briones@outlook.com>
Date:   Wed Jul 6 19:15:10 2016 -0500

    Removed the id attribute from models

commit f298ee66c459a9803e5505edd52d11e19a8354ec
Author: asb26 <adidan26@yahoo.com>
Date:   Wed Jul 6 17:46:13 2016 -0500

    Adding the forgotten log file

commit d3bfca420c048e10dfd2eccb6807dc3f517310dc
Merge: be2b6d7 10bfda7
Author: Nabeel Virani <nabeelvirani@gmail.com>
Date:   Wed Jul 6 17:34:00 2016 -0500

    Merge branch 'dev'

commit 10bfda78615f28dad78ca96f9c144ee4c8a16642
Author: Nabeel Virani <nabeelvirani@gmail.com>
Date:   Wed Jul 6 17:29:15 2016 -0500

    fixed DARK HORSE HTML -.-

commit bd1f7bf9b335979b95e3f711f74e9f9d6b596050
Author: Nabeel Virani <nabeelvirani@gmail.com>
Date:   Wed Jul 6 17:26:56 2016 -0500

    testing

commit 0956a6cfdb81ed8a57102a5a059f6012469a9418
Author: Nabeel Virani <nabeelvirani@gmail.com>
Date:   Wed Jul 6 17:24:12 2016 -0500

    fiction house had two closing head tags

commit 5b063b1db0702e0d47d9235004e45287fc16df04
Author: Nabeel Virani <nabeelvirani@gmail.com>
Date:   Wed Jul 6 17:22:59 2016 -0500

    styles css was wrong in Jerry

commit d5c61725153a9b806de80fc51b88daafc24caba9
Author: Nabeel Virani <nabeelvirani@gmail.com>
Date:   Wed Jul 6 17:19:10 2016 -0500

    removed breaks

commit bb6edb2b6de4911e4bd3bd64c8657720c63ad79d
Author: Nabeel Virani <nabeelvirani@gmail.com>
Date:   Wed Jul 6 17:15:40 2016 -0500

    changed timer for carousel and adding padding for about rows

commit 2a1412ddfcac40dee22ad78927e1be43b6695ccf
Author: Nabeel Virani <nabeelvirani@gmail.com>
Date:   Wed Jul 6 16:34:47 2016 -0500

    fixed about page css

commit be2b6d70d0bc4faf2bf4026c8ca719d98c435020
Author: asb26 <adan_briones@outlook.com>
Date:   Wed Jul 6 16:33:12 2016 -0500

    Removed typo on publisher request

commit 58d2a21a40de55c514e5f7a5f10ab38c29e11ee6
Author: Nabeel Virani <nabeelvirani@gmail.com>
Date:   Wed Jul 6 16:30:39 2016 -0500

    wrong url for planet comics

commit 1db92d977b2959092c65c614e717605d15d5f481
Author: Nabeel Virani <nabeelvirani@gmail.com>
Date:   Wed Jul 6 16:29:34 2016 -0500

    wrong url for planet comics

commit 6092336f01e429b232c52eeb99b30d71e9028647
Author: asb26 <adan_briones@outlook.com>
Date:   Wed Jul 6 16:28:14 2016 -0500

    Fixed single publisher request to be in one set of curly braces

commit 7f35ec999a0b6c0a94cc0c92a189b0db7624ce52
Author: Nabeel Virani <nabeelvirani@gmail.com>
Date:   Wed Jul 6 16:27:36 2016 -0500

    wrong images in volumes

commit 20fcfafdace6521f1766a398820b125711cee69f
Author: Nabeel Virani <nabeelvirani@gmail.com>
Date:   Wed Jul 6 16:19:30 2016 -0500

    removed borders

commit 3c0848d4ff285ae7fccdfa5b3ea54d138b64d999
Author: asb26 <adan_briones@outlook.com>
Date:   Wed Jul 6 16:18:40 2016 -0500

    Fixed so that API shows in right window, Finished Publisher Calls.

commit 42964ececc0a4267f60c7667e3f582506ba14c74
Author: Nabeel Virani <nabeelvirani@gmail.com>
Date:   Wed Jul 6 16:17:17 2016 -0500

    fixed navbar and centered it

commit cfbbca4f0ae3f175c1e3648931d12e997bac6753
Author: Nabeel Virani <nabeelvirani@gmail.com>
Date:   Wed Jul 6 15:50:04 2016 -0500

    fixed about page, super smooth

commit b329f263567be1b689ad5141080f691801f7a5d4
Merge: 32b15c6 43a4d8d
Author: Chuqi Zhou <cz4792@utexas.edu>
Date:   Tue Jul 5 21:58:15 2016 -0500

    merge

commit 43a4d8d0c040327a2eba40026c57dbf96b03a744
Author: Chuqi Zhou <cz4792@utexas.edu>
Date:   Tue Jul 5 21:54:58 2016 -0500

    another commit

commit 32b15c614e98482d715ec2b3aa7ce2b553416cfd
Author: Chuqi Zhou <cz4792@utexas.edu>
Date:   Tue Jul 5 21:39:03 2016 -0500

    another commit

commit a4edaa816e77fc2668d048edd1a5f1aa12d59279
Author: Chuqi Zhou <cz4792@utexas.edu>
Date:   Tue Jul 5 21:28:19 2016 -0500

    another commit

commit 99c6766534b766c07d6f2ea060baf410d6a16319
Author: Chuqi Zhou <cz4792@utexas.edu>
Date:   Tue Jul 5 21:19:42 2016 -0500

    another commit

commit a49f33d98edcf0576a2b9b535b2742262c464566
Author: Nabeel Virani <nabeelvirani@gmail.com>
Date:   Tue Jul 5 20:28:54 2016 -0500

    sorting added using Datatables

commit 989eac054ec955f6d013105332539cc1e950c708
Author: PradeepKumar-23 <pradeep.kumar@utexas.edu>
Date:   Tue Jul 5 20:11:46 2016 -0500

    fixed apiary syntax concerns

commit 83411e4380388146273f1224254f0a14ab619837
Author: Chuqi <cz4792@utexas.edu>
Date:   Tue Jul 5 20:10:01 2016 -0500

    add UML.pdf

commit 81d83d5faeaf99030272b8f4e344333c880cc789
Author: PradeepKumar-23 <pradeep.kumar@utexas.edu>
Date:   Tue Jul 5 20:07:13 2016 -0500

    removed preformatted responses in apiary

commit 89e8d3a24c5dff50c6a2adb31bc2234adcce7cfc
Author: Nabeel Virani <nabeelvirani@gmail.com>
Date:   Tue Jul 5 19:44:47 2016 -0500

    checking sorting

commit 2ee005bc1d7a958997ffe6070eb6d6a7df73120f
Author: PradeepKumar-23 <pradeep.kumar@utexas.edu>
Date:   Tue Jul 5 19:42:33 2016 -0500

    Listed all 8 api calls

commit 3ad98f7bcb46c96c1c761cb34838fbfe2329dd0a
Author: Nabeel Virani <nabeelvirani@gmail.com>
Date:   Tue Jul 5 19:41:34 2016 -0500

    testing sorting

commit dbacf1f4d01e377e4591eb04bfb4be056a93f91e
Author: Nabeel Virani <nabeelvirani@gmail.com>
Date:   Tue Jul 5 19:21:55 2016 -0500

    paragraph not in new line

commit 6d8539500d4265cf6d708fbf25e401c2a132eaab
Author: PradeepKumar-23 <pradeep.kumar@utexas.edu>
Date:   Tue Jul 5 19:20:48 2016 -0500

    Testing changing a line in the API from Apiary

commit 538066986057cf147205ff739ca55b1c4be77fd8
Author: Nabeel Virani <nabeelvirani@gmail.com>
Date:   Tue Jul 5 19:18:21 2016 -0500

    testing about page

commit d38147bb487beb87d981182acf1163b642acb1c1
Author: Nabeel Virani <nabeelvirani@gmail.com>
Date:   Tue Jul 5 19:06:34 2016 -0500

    forgot to change p to span

commit fd106a3005fa5a56b067a1d6971d5322bd9c9564
Author: Nabeel Virani <nabeelvirani@utexas.edu>
Date:   Tue Jul 5 19:03:04 2016 -0500

    Transferring API Description file from Apiary.io

commit 87ce16839cc25619663a98709435c132fc407633
Author: Nabeel Virani <nabeelvirani@gmail.com>
Date:   Tue Jul 5 19:01:15 2016 -0500

    testing span vs p

commit 420c19c3d20d8c4f8e0c8dbc36e99ebdb2791b1a
Author: Nabeel Virani <nabeelvirani@gmail.com>
Date:   Tue Jul 5 18:56:41 2016 -0500

    adan's pic was huge

commit 9fedca21bfb571fd77abfb377ba01d7a49a0a762
Author: Nabeel Virani <nabeelvirani@gmail.com>
Date:   Tue Jul 5 18:54:50 2016 -0500

    images are right size, fixing about paragraph

commit 4f41400df648275746b73d20d1cd0abec01e7e09
Author: Nabeel Virani <nabeelvirani@gmail.com>
Date:   Tue Jul 5 18:45:11 2016 -0500

    followed inhtml css cnvention

commit 370659d356f0b3e4c305f395e9ef359852c4d8b5
Author: Nabeel Virani <nabeelvirani@gmail.com>
Date:   Tue Jul 5 18:43:25 2016 -0500

    changed image size and testing best size

commit 6dfd54bd10d949ef78090f4da2d62c62fd011d0a
Author: Nabeel Virani <nabeelvirani@gmail.com>
Date:   Tue Jul 5 18:41:18 2016 -0500

    changed image size

commit d016524690b8b9f09c858d1cb0deafb9a2528608
Author: Nabeel Virani <nabeelvirani@gmail.com>
Date:   Tue Jul 5 18:37:23 2016 -0500

    changed image size

commit 6be0dc6ef4b255ea8d4080fc735527216edc9163
Author: Nabeel Virani <nabeelvirani@gmail.com>
Date:   Tue Jul 5 18:31:56 2016 -0500

    file type is png not jpg

commit 25781de19dba349d6d527965d431ae1ed363a8de
Author: Nabeel Virani <nabeelvirani@gmail.com>
Date:   Tue Jul 5 18:30:00 2016 -0500

    set width and height for about images

commit 82b7b1013f9c17e200da6e0904351c084d771de8
Author: Nabeel Virani <nabeelvirani@gmail.com>
Date:   Tue Jul 5 18:25:00 2016 -0500

    about not added to splash and pub

commit f7428cb5e02f14480dcbcbc0a09333b31b27cb0b
Author: Nabeel Virani <nabeelvirani@gmail.com>
Date:   Tue Jul 5 18:22:55 2016 -0500

    navbar has about option

commit 1b59a040de589cf3675e3ae8f4ef9d66df0b41c3
Author: Nabeel Virani <nabeelvirani@gmail.com>
Date:   Tue Jul 5 18:10:53 2016 -0500

    wrong url again for summer volume

commit 4fe7fb6d97dfe63ea2764f38f2178d7b0e49ab03
Author: Nabeel Virani <nabeelvirani@gmail.com>
Date:   Tue Jul 5 18:09:10 2016 -0500

    wrong url for summer volume

commit 5d421415369fa666ed77a92d740ab00e6e000134
Author: Nabeel Virani <nabeelvirani@gmail.com>
Date:   Tue Jul 5 18:02:00 2016 -0500

    jerry is too big

commit a25c07dcb8d10dac78fcd0862063fd536da12112
Author: Nabeel Virani <nabeelvirani@gmail.com>
Date:   Tue Jul 5 17:55:59 2016 -0500

    added N/A or Unknown when info not there

commit 75c0c41aa0b8a430626050a000d3a20b392bee52
Author: Nabeel Virani <nabeelvirani@gmail.com>
Date:   Tue Jul 5 17:46:25 2016 -0500

    changed image sizes

commit ccc16c601fe0119168669853916e3f86923c3b72
Author: Nabeel Virani <nabeelvirani@gmail.com>
Date:   Tue Jul 5 17:37:29 2016 -0500

    centered divs and added about page

commit 11f2d3559cac1b44a8b15ffd9f02abf94a4e28d5
Author: Nabeel Virani <nabeelvirani@gmail.com>
Date:   Tue Jul 5 15:54:47 2016 -0500

    missing some pics

commit fea754656c3eeaa57c6990924eeec6c0196ad2fc
Author: Nabeel Virani <nabeelvirani@gmail.com>
Date:   Tue Jul 5 15:50:11 2016 -0500

    centered comics

commit b5cc99378219aada681a1714b844e65d126151df
Author: Nabeel Virani <nabeelvirani@gmail.com>
Date:   Tue Jul 5 15:48:19 2016 -0500

    centered most things

commit 060f55bb68c0c7f651e6f0a9a4d1a367a6d5e229
Author: Nabeel Virani <nabeelvirani@gmail.com>
Date:   Tue Jul 5 15:45:58 2016 -0500

    fixing centering for fiction house

commit b50c6b7dc10e5f387808a7377ae537501c9d21dc
Author: Nabeel Virani <nabeelvirani@gmail.com>
Date:   Tue Jul 5 15:43:54 2016 -0500

    centering divs

commit 142833320f9376fcb9fcbf7dbdf4188b7ed8d08b
Author: Nabeel Virani <nabeelvirani@gmail.com>
Date:   Tue Jul 5 15:38:23 2016 -0500

    linking to pubishers

commit 6aa5b8f4a5331822bc29d06b206ba08802fda6a2
Author: Nabeel Virani <nabeelvirani@gmail.com>
Date:   Tue Jul 5 11:21:11 2016 -0500

    added css to make the tables mobile friendly, copy the format in volumes, teams, etc

commit 1b7dfdeb805978d7417f525956460982f8a887a5
Author: Nabeel Virani <nabeelvirani@gmail.com>
Date:   Tue Jul 5 03:54:21 2016 -0500

    fixed issue with hamburger in index

commit 838c067cbcc7467a0c5f5740c7259315508a1db2
Author: Nabeel Virani <nabeelvirani@gmail.com>
Date:   Tue Jul 5 03:51:15 2016 -0500

    space ranger team now routes to reef ryan

commit 6fbd5cd1d6c1108c4cabf12888942c4d32d25d6b
Author: Nabeel Virani <nabeelvirani@gmail.com>
Date:   Tue Jul 5 03:49:20 2016 -0500

    changed sheena img and routing to chief

commit 8d91c55b658e551664dc96f9ee3f74779fc47a9e
Author: Nabeel Virani <nabeelvirani@gmail.com>
Date:   Tue Jul 5 03:46:30 2016 -0500

    fixed pictures of reef and routing

commit 8086d5bf9cadd659ba8dd88d65bc4a5d044441e3
Author: Nabeel Virani <nabeelvirani@gmail.com>
Date:   Tue Jul 5 03:40:14 2016 -0500

    changed routes

commit c5173fab085d1fbdbe617b4cdab3bc7188de78a3
Author: Nabeel Virani <nabeelvirani@gmail.com>
Date:   Tue Jul 5 03:38:42 2016 -0500

    changed choices for Fiction House

commit abcb143d58af6763336d5943493832c6fca09e08
Author: Nabeel Virani <nabeelvirani@gmail.com>
Date:   Tue Jul 5 03:12:04 2016 -0500

    images were too big

commit e82d6c39f72ee4932aabe7b3992199e06265505a
Author: Nabeel Virani <nabeelvirani@gmail.com>
Date:   Tue Jul 5 03:09:55 2016 -0500

    created static page for characters and routed it

commit fa46824e4d946a27641668e14731c7f7975dc022
Author: Nabeel Virani <nabeelvirani@gmail.com>
Date:   Tue Jul 5 02:58:41 2016 -0500

    C:/Program Files/Git/teams was going to team template

commit a906e49231c5c269183e589b0b8c9a59f22f23d4
Author: Nabeel Virani <nabeelvirani@gmail.com>
Date:   Tue Jul 5 02:56:41 2016 -0500

    duplicate routes

commit dec2d7ff5c391c6e21f41d0501e527c39cba38eb
Author: Nabeel Virani <nabeelvirani@gmail.com>
Date:   Tue Jul 5 02:55:23 2016 -0500

    added static teams with linking

commit ed68f3bfe60dd9d93da0d08013aa0f9043cc783e
Author: Nabeel Virani <nabeelvirani@gmail.com>
Date:   Tue Jul 5 02:12:42 2016 -0500

    placed jquery before the bootstrap css

commit ab496b0aaaf187e1376037ce0bc67e20e78277f2
Author: Nabeel Virani <nabeelvirani@gmail.com>
Date:   Tue Jul 5 01:55:19 2016 -0500

    forgot to change the css for publishers

commit 8ddb7e5de74d82bb6d795ccba48d86afce143969
Author: Nabeel Virani <nabeelvirani@gmail.com>
Date:   Tue Jul 5 01:51:50 2016 -0500

    added css pathing

commit 28d76944dfd72027cd17660a4354a0f5cf5d21b6
Author: Nabeel Virani <nabeelvirani@gmail.com>
Date:   Tue Jul 5 01:47:26 2016 -0500

    Dell and Fiction House were reversed

commit bf0534d22482e1ff50dbe48c8b49637ddcf05bbe
Author: Nabeel Virani <nabeelvirani@gmail.com>
Date:   Tue Jul 5 01:43:22 2016 -0500

    wrong volumes to characters and vice versa

commit 1fee8f3dd0cdaf40ff764197fbeed36c47345ccf
Author: Nabeel Virani <nabeelvirani@gmail.com>
Date:   Tue Jul 5 01:39:14 2016 -0500

    fixed pathing for hrefs

commit 014670d811ef180796646a472cf6b5a3466b40c5
Author: Nabeel Virani <nabeelvirani@gmail.com>
Date:   Tue Jul 5 01:32:58 2016 -0500

    added static pages for all but team

commit dfb050643492ac38d1e443e8f2b6be50e4bf94ae
Author: Nabeel Virani <nabeelvirani@gmail.com>
Date:   Mon Jul 4 21:45:54 2016 -0500

    forgot to add links in some static html pages

commit 319c9a95f271bbc5e903a93cc69d58fd616d57e9
Author: Nabeel Virani <nabeelvirani@gmail.com>
Date:   Mon Jul 4 21:35:25 2016 -0500

    nice splash, and table images are the same size

commit 91c48e29fc2d62c5d7360edf36207a601e86471d
Author: Nabeel Virani <nabeelvirani@gmail.com>
Date:   Mon Jul 4 21:34:44 2016 -0500

    templates for phase 1

commit 9b1e248643c4b9f04006b09bfc3a2229fce694ea
Author: Nabeel Virani <nabeelvirani@gmail.com>
Date:   Mon Jul 4 21:34:20 2016 -0500

    added some routes

commit 7d26e267d4e7901ddcd2fe9db851bc03a449bab0
Author: Nabeel Virani <nabeelvirani@gmail.com>
Date:   Mon Jul 4 21:00:33 2016 -0500

    carousel images fit for mobile and removed buttons for carousel

commit 018ef9a318e50a5bb51ad8c5d9b09ee71255b834
Merge: ef98ae8 506317d
Author: Nabeel Virani <nabeelvirani@gmail.com>
Date:   Mon Jul 4 18:34:32 2016 -0500

    didn't need to delete the css file

commit 506317d54d01899085f3f91b9dc4e6798eacf981
Author: Nabeel Virani <nabeelvirani@gmail.com>
Date:   Mon Jul 4 18:33:19 2016 -0500

    formatted styles.css

commit ef98ae88bed4a90f33abc90e8342dc3fb3359f8f
Merge: 2f923e1 ffc5d96
Author: Nabeel Virani <nabeelvirani@gmail.com>
Date:   Mon Jul 4 18:30:05 2016 -0500

    styles.css is causing merge conflict

commit ffc5d962c9c8c1f566647776733d7fc7ddb5a621
Author: Nabeel Virani <nabeelvirani@gmail.com>
Date:   Mon Jul 4 18:28:11 2016 -0500

    scroll bar css

commit a252c65f628d93ba8e076e60b4f097ff289104c7
Merge: b8a2a61 7f9da2f
Author: Nabeel Virani <nabeelvirani@gmail.com>
Date:   Mon Jul 4 18:26:03 2016 -0500

    added UML to resolve merge

commit b8a2a61e98dea45c15d540a74cfc6f66c5809931
Author: Nabeel Virani <nabeelvirani@gmail.com>
Date:   Mon Jul 4 18:24:09 2016 -0500

    formatted the publisher templates and fixed scroll bar

commit 7f9da2f76055d4b76444eefc9bcb14b29cd98a28
Author: Chuqi Zhou <cz4792@utexas.edu>
Date:   Mon Jul 4 18:22:46 2016 -0500

    creates the UML and closes #20

commit ec98e0954dfc4b6ce3c9eb1293e6864cbd9d753a
Author: Nabeel Virani <nabeelvirani@gmail.com>
Date:   Mon Jul 4 17:47:54 2016 -0500

    static publisher templates

commit 5f3245ad62b4e367b786778e151d89fa9b2183be
Author: Nabeel Virani <nabeelvirani@gmail.com>
Date:   Mon Jul 4 17:47:09 2016 -0500

    description does not work, deck works as an attribute

commit 2f923e1f683d4cee3e8cad348e754017378734f9
Author: Nabeel Virani <nabeelvirani@gmail.com>
Date:   Mon Jul 4 15:38:49 2016 -0500

    added styles.css

commit 06d4c0f6c53538fdfeaf09f2525ddd985e6d5012
Author: Nabeel Virani <nabeelvirani@gmail.com>
Date:   Mon Jul 4 15:13:35 2016 -0500

    working index finally

commit 6956490226eacf789bed01a37ecff919c74a76d6
Merge: 8c0dac7 e2df211
Author: Nabeel Virani <nabeelvirani@gmail.com>
Date:   Mon Jul 4 15:10:48 2016 -0500

    fixing merge with index file

commit 8c0dac70a9aa1ad073efa1ee3b7f4834a5c298d6
Author: Nabeel Virani <nabeelvirani@gmail.com>
Date:   Mon Jul 4 15:05:58 2016 -0500

    working index.html added

commit e2df2110101b9f2fb75f5090649f198346fd244f
Merge: 01234cf c5c9ba6
Author: Nabeel Virani <nabeelvirani@gmail.com>
Date:   Mon Jul 4 15:46:55 2016 -0400

    resolve merge conflict

commit 01234cff16d0330e092a84807520f872f73c2933
Author: Nabeel Virani <nabeelvirani@gmail.com>
Date:   Mon Jul 4 15:39:12 2016 -0400

    changed index

commit c5c9ba6129219ca34e345800e43cd7a854352411
Author: asb26 <adidan26@utexas.edu>
Date:   Mon Jul 4 14:37:20 2016 -0500

    Added volume and team templates

commit b98c64784b9f254d33c78347efae5a79904ad106
Author: Nabeel Virani <nabeelvirani@gmail.com>
Date:   Mon Jul 4 14:13:53 2016 -0400

    fixed 404 errors with imgs

commit 1022fc98bfafcc10cc1985a4a812c88b59ff6b4b
Merge: 1d812d6 3f8a4a7
Author: Nabeel Virani <nabeelvirani@gmail.com>
Date:   Mon Jul 4 13:05:18 2016 -0500

    moved index.html

commit 3f8a4a7948df54e6d407614795eb40afbac3c3c6
Author: Nabeel Virani <nabeelvirani@gmail.com>
Date:   Mon Jul 4 12:54:44 2016 -0500

    moved splash page, css and added scraper

commit d79a4986eb680f78b455595c1d87146601c2cab6
Author: Nabeel Virani <nabeelvirani@gmail.com>
Date:   Mon Jul 4 12:53:17 2016 -0500

    information about publishers

commit e1f57233351fb914f13a9c8bde931ddaada0e7a1
Author: Nabeel Virani <nabeelvirani@gmail.com>
Date:   Sat Jul 2 17:18:19 2016 -0500

    added SQLAlchemy and rendered html templates

commit 5e3bbc26cedabb6e283e4da09e49244326b8b310
Author: Nabeel Virani <nabeelvirani@gmail.com>
Date:   Sat Jul 2 15:41:11 2016 -0500

    fetched first 10 volumes and teams from each publisher(in json)

commit ec1eaf1ee33124768cb2b5d4f9773afb55b95064
Author: Nabeel Virani <nabeelvirani@gmail.com>
Date:   Sat Jul 2 15:40:26 2016 -0500

    fixed some issues with extracting publishers

commit 7bb89ca934bd5907012f132a28e56bf1b28083b3
Author: Nabeel Virani <nabeelvirani@gmail.com>
Date:   Sat Jul 2 15:39:44 2016 -0500

    moved front-end files to static and templates

commit da5dc92866be1ac1789b5f93af57837990420aa9
Merge: 5e59658 2911d91
Author: Nabeel Virani <nabeelvirani@gmail.com>
Date:   Sat Jul 2 12:19:36 2016 -0500

    Merge remote-tracking branch 'origin/aj' into back-end
    adding splash page

commit 5e5965890a114b8243e4351474806de7db541b3f
Author: Nabeel Virani <nabeelvirani@gmail.com>
Date:   Sat Jul 2 12:14:49 2016 -0500

    renaming testresults to DHC_volumes

commit dc64436463b35489de2c25745df376134a8fa98d
Author: Nabeel Virani <nabeelvirani@gmail.com>
Date:   Sat Jul 2 12:12:56 2016 -0500

    removed env from repo

commit 603249c5a36e1013ea39adfdc124bd8b9ed81953
Merge: 0a1c3a6 31811a2
Author: Nabeel Virani <nabeelvirani@gmail.com>
Date:   Sat Jul 2 12:11:19 2016 -0500

    Merge branch 'back-end' of https://github.com/jarkyll/cs373-idb into back-end
    adding publisher jsons

commit 0a1c3a6fb9e1a0efa49df4375414c63bd2cf8745
Author: Nabeel Virani <nabeelvirani@gmail.com>
Date:   Sat Jul 2 12:10:17 2016 -0500

    info about each publisher

commit 1d812d62ed22a46c83471d5ad1bc5825747aaa8e
Author: Nabeel Virani <nabeelvirani@gmail.com>
Date:   Sat Jul 2 12:58:07 2016 -0400

    removed virutalenv and moved html to templates

commit 86670e8276dba07ff7a1bdb7370e827b85228d0d
Merge: 31811a2 4e1504e
Author: Nabeel Virani <nabeelvirani@gmail.com>
Date:   Sat Jul 2 12:54:40 2016 -0400

    Merge branch 'dev' of https://github.com/jarkyll/cs373-idb into dev

commit 31811a2563da18d1e3626766d8d2b5fd21a0c8e8
Author: Nabeel Virani <nabeelvirani@gmail.com>
Date:   Fri Jul 1 19:43:34 2016 -0400

    first push

commit ee011c658f38a3fe14829c1b07b42918dd2d051e
Author: Nabeel Virani <nabeelvirani@gmail.com>
Date:   Thu Jun 30 22:22:12 2016 -0500

    Create README.md

commit 4e1504e41d96a6047be1261569e71d15a339c6ee
Author: Haihan Yu <davidyu@cs.utexas.edu>
Date:   Thu Jun 30 17:40:22 2016 -0500

    travis ci file added

commit 53074987063a11fb200cc604b21b4b652d32f465
Author: Haihan Yu <davidyu@cs.utexas.edu>
Date:   Thu Jun 30 17:38:41 2016 -0500

    test travis ci

commit b8fd2febc2399137db972f643b6122476ec1c15b
Author: Haihan Yu <davidyu@cs.utexas.edu>
Date:   Thu Jun 30 17:36:08 2016 -0500

    first version model

commit 2911d914725b41a8a934d1dd754aef5af80114e1
Author: Allen McClure <audiocipher@utexas.edu>
Date:   Thu Jun 30 17:14:54 2016 -0500

    basic splash with carousel

commit e7710afe97e439fdf793f2dc6de10d2a6f13731e
Author: Pradeep Kumar <pradeep@cs.utexas.edu>
Date:   Thu Jun 30 15:34:54 2016 -0500

    added basic index page
